<!DOCTYPE suite SYSTEM "https://testng.org/testng-1.0.dtd" >
<suite name="Alkilautos Demo" verbose="10">
    <parameter name="selenium.browser" value="chrome" />
    <parameter name="selenium.url" value="https://alkilautos.com/en" />
    <parameter name="timeout" value="60" />
    <parameter name="pollingTime" value="5" />

    <test name="Regression">
        <groups>
            <run>
                <include name="regression"/>
            </run>
        </groups>
        <classes>
            <class name="com.alkilautos.qa.test.AlkilautosTest">
                <methods>
                    <include name="testReservationSection" />
                </methods>
            </class>
        </classes>
    </test>
</suite>